<?xml version="1.0" encoding="UTF-8"?>
<!-- Generated by org.testng.reporters.JUnitXMLReporter -->
<testsuite hostname="USXXNIKAMKL4C" ignored="0" name="Surefire test" tests="6" failures="0" timestamp="2020-08-18T16:13:58 CDT" time="0.056" errors="0">
  <testcase name="IOSApps" time="0.005" classname="qaclickacademy.AppiumTest"/>
  <testcase name="NativeAppAndroid" time="0.0" classname="qaclickacademy.AppiumTest"/>
  <testcase name="DeleteTwitter" time="0.0" classname="qaclickacademy.RestAPITest"/>
  <testcase name="Postjira" time="0.001" classname="qaclickacademy.RestAPITest"/>
  <testcase name="BrowserAutomation" time="0.0" classname="qaclickacademy.SeleniunTest"/>
  <testcase name="ElementUI" time="0.0" classname="qaclickacademy.SeleniunTest"/>
</testsuite> <!-- Surefire test -->
