<?xml version="1.0" encoding="UTF-8"?>
<!-- Generated by org.testng.reporters.JUnitXMLReporter -->
<testsuite hostname="USXXNIKAMKL4C" name="Test" tests="4" failures="0" timestamp="18 Aug 2020 21:53:04 GMT" time="0.027" errors="0">
  <testcase name="BrowserAutomation" time="0.009" classname="qaclickacademy.SeleniunTest"/>
  <testcase name="ElementUI" time="0.0" classname="qaclickacademy.SeleniunTest"/>
  <testcase name="IOSApps" time="0.001" classname="qaclickacademy.AppiumTest"/>
  <testcase name="NativeAppAndroid" time="0.002" classname="qaclickacademy.AppiumTest"/>
</testsuite> <!-- Test -->
